2025-11-16 06:03:54,757 INFO Set uid to user 0 succeeded
2025-11-16 06:03:54,760 INFO supervisord started with pid 1
2025-11-16 06:03:55,763 INFO spawned: 'nginx' with pid 7
2025-11-16 06:03:55,764 INFO spawned: 'php-fpm' with pid 8
2025-11-16 06:03:56,784 INFO success: nginx entered RUNNING state, process has stayed up for > than 1 seconds (startsecs)
2025-11-16 06:03:56,785 INFO success: php-fpm entered RUNNING state, process has stayed up for > than 1 seconds (startsecs)
2025-11-16 06:05:28,029 INFO reaped unknown pid 293 (exit status 0)
2025-11-16 06:10:45,298 WARN received SIGQUIT indicating exit request
2025-11-16 06:10:45,301 INFO waiting for nginx, php-fpm to die
2025-11-16 06:10:46,323 INFO stopped: php-fpm (exit status 0)
2025-11-16 06:10:46,351 INFO stopped: nginx (exit status 0)
2025-11-16 06:10:47,058 INFO Set uid to user 0 succeeded
2025-11-16 06:10:47,059 INFO supervisord started with pid 1
2025-11-16 06:10:48,065 INFO spawned: 'nginx' with pid 7
2025-11-16 06:10:48,068 INFO spawned: 'php-fpm' with pid 8
2025-11-16 06:10:49,095 INFO success: nginx entered RUNNING state, process has stayed up for > than 1 seconds (startsecs)
2025-11-16 06:10:49,095 INFO success: php-fpm entered RUNNING state, process has stayed up for > than 1 seconds (startsecs)
2025-11-16 06:17:32,236 WARN received SIGQUIT indicating exit request
2025-11-16 06:17:32,240 INFO waiting for nginx, php-fpm to die
2025-11-16 06:17:33,304 INFO stopped: php-fpm (exit status 0)
2025-11-16 06:17:33,320 INFO stopped: nginx (exit status 0)
2025-11-16 06:17:33,879 INFO Set uid to user 0 succeeded
2025-11-16 06:17:33,880 INFO supervisord started with pid 1
2025-11-16 06:17:34,885 INFO spawned: 'nginx' with pid 7
2025-11-16 06:17:34,895 INFO spawned: 'php-fpm' with pid 8
2025-11-16 06:17:35,946 INFO success: nginx entered RUNNING state, process has stayed up for > than 1 seconds (startsecs)
2025-11-16 06:17:35,946 INFO success: php-fpm entered RUNNING state, process has stayed up for > than 1 seconds (startsecs)
2025-11-16 06:20:50,580 WARN received SIGQUIT indicating exit request
2025-11-16 06:20:50,581 INFO waiting for nginx, php-fpm to die
2025-11-16 06:20:50,610 INFO stopped: php-fpm (exit status 0)
2025-11-16 06:20:50,622 INFO stopped: nginx (exit status 0)
2025-11-16 06:20:51,128 INFO Set uid to user 0 succeeded
2025-11-16 06:20:51,129 INFO supervisord started with pid 1
2025-11-16 06:20:52,135 INFO spawned: 'nginx' with pid 7
2025-11-16 06:20:52,139 INFO spawned: 'php-fpm' with pid 8
2025-11-16 06:20:52,144 INFO spawned: 'vite' with pid 9
2025-11-16 06:20:54,036 INFO success: nginx entered RUNNING state, process has stayed up for > than 1 seconds (startsecs)
2025-11-16 06:20:54,036 INFO success: php-fpm entered RUNNING state, process has stayed up for > than 1 seconds (startsecs)
2025-11-16 06:20:54,037 INFO success: vite entered RUNNING state, process has stayed up for > than 1 seconds (startsecs)
2025-11-16 06:21:54,199 WARN received SIGQUIT indicating exit request
2025-11-16 06:21:54,202 INFO waiting for nginx, php-fpm, vite to die
2025-11-16 06:21:55,206 WARN stopped: vite (terminated by SIGTERM)
2025-11-16 06:21:56,240 INFO stopped: php-fpm (exit status 0)
2025-11-16 06:21:56,257 INFO stopped: nginx (exit status 0)
2025-11-16 06:21:59,408 INFO Set uid to user 0 succeeded
2025-11-16 06:21:59,409 INFO supervisord started with pid 1
2025-11-16 06:22:00,422 INFO spawned: 'nginx' with pid 7
2025-11-16 06:22:00,425 INFO spawned: 'php-fpm' with pid 8
2025-11-16 06:22:00,427 INFO spawned: 'vite' with pid 9
2025-11-16 06:22:02,251 INFO success: nginx entered RUNNING state, process has stayed up for > than 1 seconds (startsecs)
2025-11-16 06:22:02,251 INFO success: php-fpm entered RUNNING state, process has stayed up for > than 1 seconds (startsecs)
2025-11-16 06:22:02,252 INFO success: vite entered RUNNING state, process has stayed up for > than 1 seconds (startsecs)
2025-11-16 07:26:19,165 INFO reaped unknown pid 372 (exit status 0)
2025-11-16 07:29:27,673 WARN received SIGQUIT indicating exit request
2025-11-16 07:29:27,695 INFO waiting for nginx, php-fpm, vite to die
2025-11-16 07:29:28,726 WARN stopped: vite (terminated by SIGTERM)
2025-11-16 07:29:30,085 INFO stopped: php-fpm (exit status 0)
2025-11-16 07:29:30,123 INFO stopped: nginx (exit status 0)
2025-11-16 07:29:39,075 INFO Set uid to user 0 succeeded
2025-11-16 07:29:39,078 INFO supervisord started with pid 1
2025-11-16 07:29:40,087 INFO spawned: 'nginx' with pid 7
2025-11-16 07:29:40,089 INFO spawned: 'php-fpm' with pid 8
2025-11-16 07:29:40,090 INFO spawned: 'vite' with pid 9
2025-11-16 07:29:41,359 INFO success: nginx entered RUNNING state, process has stayed up for > than 1 seconds (startsecs)
2025-11-16 07:29:41,360 INFO success: php-fpm entered RUNNING state, process has stayed up for > than 1 seconds (startsecs)
2025-11-16 07:29:41,361 INFO success: vite entered RUNNING state, process has stayed up for > than 1 seconds (startsecs)
2025-11-16 07:36:19,897 WARN received SIGQUIT indicating exit request
2025-11-16 07:36:19,900 INFO waiting for nginx, php-fpm, vite to die
2025-11-16 07:36:20,907 WARN stopped: vite (terminated by SIGTERM)
2025-11-16 07:36:21,949 INFO stopped: php-fpm (exit status 0)
2025-11-16 07:36:21,975 INFO stopped: nginx (exit status 0)
2025-11-16 07:38:48,632 INFO Set uid to user 0 succeeded
2025-11-16 07:38:48,634 INFO supervisord started with pid 1
2025-11-16 07:38:49,641 INFO spawned: 'nginx' with pid 7
2025-11-16 07:38:49,642 INFO spawned: 'php-fpm' with pid 8
2025-11-16 07:38:49,643 INFO spawned: 'vite' with pid 9
2025-11-16 07:38:50,751 INFO success: nginx entered RUNNING state, process has stayed up for > than 1 seconds (startsecs)
2025-11-16 07:38:50,752 INFO success: php-fpm entered RUNNING state, process has stayed up for > than 1 seconds (startsecs)
2025-11-16 07:38:50,752 INFO success: vite entered RUNNING state, process has stayed up for > than 1 seconds (startsecs)
2025-11-16 07:42:57,620 WARN received SIGQUIT indicating exit request
2025-11-16 07:42:57,623 INFO waiting for nginx, php-fpm, vite to die
2025-11-16 07:42:58,634 WARN stopped: vite (terminated by SIGTERM)
2025-11-16 07:42:59,690 INFO stopped: php-fpm (exit status 0)
2025-11-16 07:42:59,704 INFO stopped: nginx (exit status 0)
2025-11-16 07:43:03,437 INFO Set uid to user 0 succeeded
2025-11-16 07:43:03,438 INFO supervisord started with pid 1
2025-11-16 07:43:04,449 INFO spawned: 'nginx' with pid 7
2025-11-16 07:43:04,452 INFO spawned: 'php-fpm' with pid 8
2025-11-16 07:43:04,455 INFO spawned: 'vite' with pid 9
2025-11-16 07:43:06,358 INFO success: nginx entered RUNNING state, process has stayed up for > than 1 seconds (startsecs)
2025-11-16 07:43:06,359 INFO success: php-fpm entered RUNNING state, process has stayed up for > than 1 seconds (startsecs)
2025-11-16 07:43:06,359 INFO success: vite entered RUNNING state, process has stayed up for > than 1 seconds (startsecs)
2025-11-16 07:44:58,870 WARN received SIGQUIT indicating exit request
2025-11-16 07:44:58,875 INFO waiting for nginx, php-fpm, vite to die
2025-11-16 07:44:59,881 WARN stopped: vite (terminated by SIGTERM)
2025-11-16 07:45:00,909 INFO stopped: php-fpm (exit status 0)
2025-11-16 07:45:00,930 INFO stopped: nginx (exit status 0)
2025-11-16 07:46:08,723 INFO Set uid to user 0 succeeded
2025-11-16 07:46:08,726 INFO supervisord started with pid 1
2025-11-16 07:46:09,731 INFO spawned: 'nginx' with pid 7
2025-11-16 07:46:09,732 INFO spawned: 'php-fpm' with pid 8
2025-11-16 07:46:09,733 INFO spawned: 'vite' with pid 9
2025-11-16 07:46:11,686 INFO success: nginx entered RUNNING state, process has stayed up for > than 1 seconds (startsecs)
2025-11-16 07:46:11,686 INFO success: php-fpm entered RUNNING state, process has stayed up for > than 1 seconds (startsecs)
2025-11-16 07:46:11,687 INFO success: vite entered RUNNING state, process has stayed up for > than 1 seconds (startsecs)
2025-11-16 07:52:17,024 WARN received SIGQUIT indicating exit request
2025-11-16 07:52:17,033 INFO waiting for nginx, php-fpm, vite to die
2025-11-16 07:52:18,041 WARN stopped: vite (terminated by SIGTERM)
2025-11-16 07:52:18,060 INFO stopped: php-fpm (exit status 0)
2025-11-16 07:52:18,066 INFO stopped: nginx (exit status 0)
2025-11-16 07:52:18,911 INFO Set uid to user 0 succeeded
2025-11-16 07:52:18,913 INFO supervisord started with pid 1
2025-11-16 07:52:19,924 INFO spawned: 'nginx' with pid 7
2025-11-16 07:52:19,928 INFO spawned: 'php-fpm' with pid 8
2025-11-16 07:52:19,931 INFO spawned: 'vite' with pid 9
2025-11-16 07:52:21,876 INFO success: nginx entered RUNNING state, process has stayed up for > than 1 seconds (startsecs)
2025-11-16 07:52:21,877 INFO success: php-fpm entered RUNNING state, process has stayed up for > than 1 seconds (startsecs)
2025-11-16 07:52:21,877 INFO success: vite entered RUNNING state, process has stayed up for > than 1 seconds (startsecs)
2025-11-16 07:58:58,452 INFO reaped unknown pid 268 (exit status 0)
2025-11-16 07:58:58,456 INFO reaped unknown pid 279 (terminated by SIGTERM)
2025-11-16 08:01:34,698 WARN received SIGQUIT indicating exit request
2025-11-16 08:01:34,707 INFO waiting for nginx, php-fpm, vite to die
2025-11-16 08:01:35,721 WARN stopped: vite (terminated by SIGTERM)
2025-11-16 08:01:36,766 INFO stopped: php-fpm (exit status 0)
2025-11-16 08:01:36,789 INFO stopped: nginx (exit status 0)
2025-11-16 08:01:37,566 INFO Set uid to user 0 succeeded
2025-11-16 08:01:37,569 INFO supervisord started with pid 1
2025-11-16 08:01:38,578 INFO spawned: 'nginx' with pid 7
2025-11-16 08:01:38,583 INFO spawned: 'php-fpm' with pid 8
2025-11-16 08:01:38,587 INFO spawned: 'vite' with pid 9
2025-11-16 08:01:40,425 INFO success: nginx entered RUNNING state, process has stayed up for > than 1 seconds (startsecs)
2025-11-16 08:01:40,427 INFO success: php-fpm entered RUNNING state, process has stayed up for > than 1 seconds (startsecs)
2025-11-16 08:01:40,428 INFO success: vite entered RUNNING state, process has stayed up for > than 1 seconds (startsecs)
2025-11-19 01:34:07,316 WARN received SIGQUIT indicating exit request
2025-11-19 01:34:07,331 INFO waiting for nginx, php-fpm, vite to die
2025-11-19 01:34:08,348 WARN stopped: vite (terminated by SIGTERM)
2025-11-19 01:34:08,414 INFO stopped: php-fpm (exit status 0)
2025-11-19 01:34:09,479 INFO stopped: nginx (exit status 0)
2025-11-21 01:47:59,880 INFO Set uid to user 0 succeeded
2025-11-21 01:47:59,885 INFO supervisord started with pid 1
2025-11-21 01:48:00,903 INFO spawned: 'nginx' with pid 7
2025-11-21 01:48:00,910 INFO spawned: 'php-fpm' with pid 8
2025-11-21 01:48:00,920 INFO spawned: 'vite' with pid 9
2025-11-21 01:48:02,231 INFO success: nginx entered RUNNING state, process has stayed up for > than 1 seconds (startsecs)
2025-11-21 01:48:02,232 INFO success: php-fpm entered RUNNING state, process has stayed up for > than 1 seconds (startsecs)
2025-11-21 01:48:02,232 INFO success: vite entered RUNNING state, process has stayed up for > than 1 seconds (startsecs)
2025-11-21 01:48:54,541 INFO reaped unknown pid 77 (exit status 0)
2025-11-21 01:48:55,549 INFO reaped unknown pid 99 (exit status 0)
2025-11-21 02:33:52,901 INFO reaped unknown pid 141 (terminated by SIGINT)
2025-11-23 13:00:50,454 WARN received SIGQUIT indicating exit request
2025-11-23 13:00:50,477 INFO waiting for nginx, php-fpm, vite to die
2025-11-23 13:00:51,490 WARN stopped: vite (terminated by SIGTERM)
2025-11-23 13:00:52,773 INFO stopped: php-fpm (exit status 0)
2025-11-23 13:00:53,872 INFO stopped: nginx (exit status 0)
2025-11-25 01:50:14,544 INFO Set uid to user 0 succeeded
2025-11-25 01:50:14,546 INFO supervisord started with pid 1
2025-11-25 01:50:15,551 INFO spawned: 'nginx' with pid 7
2025-11-25 01:50:15,552 INFO spawned: 'php-fpm' with pid 8
2025-11-25 01:50:15,556 INFO spawned: 'vite' with pid 9
2025-11-25 01:50:16,722 INFO success: nginx entered RUNNING state, process has stayed up for > than 1 seconds (startsecs)
2025-11-25 01:50:16,723 INFO success: php-fpm entered RUNNING state, process has stayed up for > than 1 seconds (startsecs)
2025-11-25 01:50:16,723 INFO success: vite entered RUNNING state, process has stayed up for > than 1 seconds (startsecs)
2025-11-25 16:18:27,362 WARN received SIGQUIT indicating exit request
2025-11-25 16:18:27,374 INFO waiting for nginx, php-fpm, vite to die
2025-11-25 16:18:28,382 WARN stopped: vite (terminated by SIGTERM)
2025-11-25 16:18:28,421 INFO stopped: php-fpm (exit status 0)
2025-11-25 16:18:28,432 INFO stopped: nginx (exit status 0)
2025-11-26 18:16:43,310 INFO Set uid to user 0 succeeded
2025-11-26 18:16:43,313 INFO supervisord started with pid 1
2025-11-26 18:16:44,402 INFO spawned: 'nginx' with pid 7
2025-11-26 18:16:44,418 INFO spawned: 'php-fpm' with pid 8
2025-11-26 18:16:44,478 INFO spawned: 'vite' with pid 9
2025-11-26 18:16:45,790 INFO success: nginx entered RUNNING state, process has stayed up for > than 1 seconds (startsecs)
2025-11-26 18:16:45,791 INFO success: php-fpm entered RUNNING state, process has stayed up for > than 1 seconds (startsecs)
2025-11-26 18:16:45,791 INFO success: vite entered RUNNING state, process has stayed up for > than 1 seconds (startsecs)
2025-11-28 04:33:27,425 WARN received SIGQUIT indicating exit request
2025-11-28 04:33:27,437 INFO waiting for nginx, php-fpm, vite to die
2025-11-28 04:33:28,450 WARN stopped: vite (terminated by SIGTERM)
2025-11-28 04:33:28,495 INFO stopped: php-fpm (exit status 0)
2025-11-28 04:33:28,522 INFO stopped: nginx (exit status 0)
2025-12-01 16:30:16,367 INFO Set uid to user 0 succeeded
2025-12-01 16:30:16,369 INFO supervisord started with pid 1
2025-12-01 16:30:17,421 INFO spawned: 'nginx' with pid 7
2025-12-01 16:30:17,427 INFO spawned: 'php-fpm' with pid 8
2025-12-01 16:30:17,435 INFO spawned: 'vite' with pid 9
2025-12-01 16:30:18,464 INFO success: nginx entered RUNNING state, process has stayed up for > than 1 seconds (startsecs)
2025-12-01 16:30:18,465 INFO success: php-fpm entered RUNNING state, process has stayed up for > than 1 seconds (startsecs)
2025-12-01 16:30:18,469 INFO success: vite entered RUNNING state, process has stayed up for > than 1 seconds (startsecs)
2025-12-02 22:06:26,365 WARN received SIGQUIT indicating exit request
2025-12-02 22:06:26,407 INFO waiting for nginx, php-fpm, vite to die
2025-12-02 22:06:27,431 WARN stopped: vite (terminated by SIGTERM)
2025-12-02 22:06:28,666 INFO stopped: php-fpm (exit status 0)
2025-12-02 22:06:30,177 INFO waiting for nginx to die
2025-12-02 22:06:31,207 INFO stopped: nginx (exit status 0)
2025-12-02 22:22:47,537 INFO Set uid to user 0 succeeded
2025-12-02 22:22:47,542 INFO supervisord started with pid 1
2025-12-02 22:22:48,552 INFO spawned: 'nginx' with pid 7
2025-12-02 22:22:48,554 INFO spawned: 'php-fpm' with pid 8
2025-12-02 22:22:48,557 INFO spawned: 'vite' with pid 9
2025-12-02 22:22:49,630 INFO success: nginx entered RUNNING state, process has stayed up for > than 1 seconds (startsecs)
2025-12-02 22:22:49,631 INFO success: php-fpm entered RUNNING state, process has stayed up for > than 1 seconds (startsecs)
2025-12-02 22:22:49,631 INFO success: vite entered RUNNING state, process has stayed up for > than 1 seconds (startsecs)
2025-12-05 01:56:07,559 WARN received SIGQUIT indicating exit request
2025-12-05 01:56:07,658 INFO waiting for nginx, php-fpm, vite to die
2025-12-05 01:56:08,963 WARN stopped: vite (terminated by SIGTERM)
2025-12-05 01:56:10,115 INFO stopped: php-fpm (exit status 0)
2025-12-05 01:56:10,184 INFO stopped: nginx (exit status 0)
